#
# There is insufficient memory for the Java Runtime Environment to continue.
# Native memory allocation (mmap) failed to map 266338304 bytes for Failed to commit area from 0x0000000702600000 to 0x0000000712400000 of length 266338304.
# Possible reasons:
#   The system is out of physical RAM or swap space
#   The process is running with CompressedOops enabled, and the Java Heap may be blocking the growth of the native heap
# Possible solutions:
#   Reduce memory load on the system
#   Increase physical memory or swap space
#   Check if swap backing store is full
#   Decrease Java heap size (-Xmx/-Xms)
#   Decrease number of Java threads
#   Decrease Java thread stack sizes (-Xss)
#   Set larger code cache with -XX:ReservedCodeCacheSize=
# This output file may be truncated or incomplete.
#
#  Out of Memory Error (./open/src/hotspot/os/windows/os_windows.cpp:3273), pid=23616, tid=20724
#
# JRE version:  (11.0.12+8) (build )
# Java VM: Java HotSpot(TM) 64-Bit Server VM (11.0.12+8-LTS-237, mixed mode, sharing, tiered, compressed oops, g1 gc, windows-amd64)
# No core dump will be written. Minidumps are not enabled by default on client versions of Windows
#

---------------  S U M M A R Y ------------

Command Line: -javaagent:D:\IDEA\IntelliJ IDEA 2023.1\lib\idea_rt.jar=57589:D:\IDEA\IntelliJ IDEA 2023.1\bin -Dfile.encoding=UTF-8 csu.yuhang.consumer.EasyConsumerExample

Host: Intel(R) Core(TM) i5-9300H CPU @ 2.40GHz, 8 cores, 15G,  Windows 10 , 64 bit Build 19041 (10.0.19041.5198)
Time: Tue Feb 11 23:48:22 2025 中国标准时间 elapsed time: 0.017303 seconds (0d 0h 0m 0s)

---------------  T H R E A D  ---------------

Current thread (0x000001cb55ebc800):  JavaThread "Unknown thread" [_thread_in_vm, id=20724, stack(0x000000c50bf00000,0x000000c50c000000)]

Stack: [0x000000c50bf00000,0x000000c50c000000]
Native frames: (J=compiled Java code, j=interpreted, Vv=VM code, C=native code)
V  [jvm.dll+0x617d9a]
V  [jvm.dll+0x74eeef]
V  [jvm.dll+0x750599]
V  [jvm.dll+0x750c23]
V  [jvm.dll+0x2438d8]
V  [jvm.dll+0x61518a]
V  [jvm.dll+0x609f45]
V  [jvm.dll+0x2f85cc]
V  [jvm.dll+0x2f8452]
V  [jvm.dll+0x2fd106]
V  [jvm.dll+0x33f6ef]
V  [jvm.dll+0x33f120]
V  [jvm.dll+0x2d5ca8]
V  [jvm.dll+0x2d6e06]
V  [jvm.dll+0x72a977]
V  [jvm.dll+0x72c21f]
V  [jvm.dll+0x34c469]
V  [jvm.dll+0x710400]
V  [jvm.dll+0x3b5baf]
V  [jvm.dll+0x3b7cb1]
C  [jli.dll+0x520b]
C  [ucrtbase.dll+0x21bb2]
C  [KERNEL32.DLL+0x17374]
C  [ntdll.dll+0x4cc91]


---------------  P R O C E S S  ---------------

Threads class SMR info:
_java_thread_list=0x000001cb53c074b0, length=0, elements={
}

Java Threads: ( => current thread )

Other Threads:
  0x000001cb55ed2000 GCTaskThread "GC Thread#0" [stack: 0x000000c50c000000,0x000000c50c100000] [id=19148]
  0x000001cb55f2d800 ConcurrentGCThread "G1 Main Marker" [stack: 0x000000c50c100000,0x000000c50c200000] [id=24376]
  0x000001cb55f2f000 ConcurrentGCThread "G1 Conc#0" [stack: 0x000000c50c200000,0x000000c50c300000] [id=20620]

[error occurred during error reporting (printing all threads), id 0xc0000005, EXCEPTION_ACCESS_VIOLATION (0xc0000005) at pc=0x00007ffb35824f37]

VM state:not at safepoint (not fully initialized)

VM Mutex/Monitor currently owned by a thread:  ([mutex/lock_event])
[0x000001cb55eb8d10] Heap_lock - owner thread: 0x000001cb55ebc800

Heap address: 0x0000000702600000, size: 4058 MB, Compressed Oops mode: Non-zero based: 0x0000000702600000
Narrow klass base: 0x0000000000000000, Narrow klass shift: 0

GC Heap History (0 events):
No events

Deoptimization events (0 events):
No events

Classes redefined (0 events):
No events

Internal exceptions (0 events):
No events

Events (0 events):
No events


Dynamic libraries:
0x00007ff7a1220000 - 0x00007ff7a122f000 	D:\java\jdk-11\bin\java.exe
0x00007ffbd0010000 - 0x00007ffbd0208000 	C:\WINDOWS\SYSTEM32\ntdll.dll
0x00007ffbceb50000 - 0x00007ffbcec12000 	C:\WINDOWS\System32\KERNEL32.DLL
0x00007ffbcd6a0000 - 0x00007ffbcd99f000 	C:\WINDOWS\System32\KERNELBASE.dll
0x00007ffbcd9a0000 - 0x00007ffbcdaa0000 	C:\WINDOWS\System32\ucrtbase.dll
0x00007ffbc91a0000 - 0x00007ffbc91b8000 	D:\java\jdk-11\bin\jli.dll
0x00007ffbc91c0000 - 0x00007ffbc91d5000 	D:\java\jdk-11\bin\VCRUNTIME140.dll
0x00007ffbcf630000 - 0x00007ffbcf6e1000 	C:\WINDOWS\System32\ADVAPI32.dll
0x00007ffbcecc0000 - 0x00007ffbced5e000 	C:\WINDOWS\System32\msvcrt.dll
0x00007ffbcfc70000 - 0x00007ffbcfd0f000 	C:\WINDOWS\System32\sechost.dll
0x00007ffbcf500000 - 0x00007ffbcf623000 	C:\WINDOWS\System32\RPCRT4.dll
0x00007ffbcdda0000 - 0x00007ffbcddc7000 	C:\WINDOWS\System32\bcrypt.dll
0x00007ffbce3d0000 - 0x00007ffbce56d000 	C:\WINDOWS\System32\USER32.dll
0x00007ffbcdbe0000 - 0x00007ffbcdc02000 	C:\WINDOWS\System32\win32u.dll
0x00007ffbcf4d0000 - 0x00007ffbcf4fb000 	C:\WINDOWS\System32\GDI32.dll
0x00007ffbb4c00000 - 0x00007ffbb4e9a000 	C:\WINDOWS\WinSxS\amd64_microsoft.windows.common-controls_6595b64144ccf1df_6.0.19041.4355_none_60b8b9eb71f62e16\COMCTL32.dll
0x00007ffbcdc80000 - 0x00007ffbcdd97000 	C:\WINDOWS\System32\gdi32full.dll
0x00007ffbcddd0000 - 0x00007ffbcde6d000 	C:\WINDOWS\System32\msvcp_win.dll
0x00007ffbc5cd0000 - 0x00007ffbc5cda000 	C:\WINDOWS\SYSTEM32\VERSION.dll
0x00007ffbcec20000 - 0x00007ffbcec4f000 	C:\WINDOWS\System32\IMM32.DLL
0x00007ffb9bf60000 - 0x00007ffb9bffb000 	D:\java\jdk-11\bin\msvcp140.dll
0x00007ffb35540000 - 0x00007ffb3603f000 	D:\java\jdk-11\bin\server\jvm.dll
0x00007ffbcfa50000 - 0x00007ffbcfa58000 	C:\WINDOWS\System32\PSAPI.DLL
0x00007ffbc8fb0000 - 0x00007ffbc8fb9000 	C:\WINDOWS\SYSTEM32\WSOCK32.dll
0x00007ffbc13c0000 - 0x00007ffbc13e7000 	C:\WINDOWS\SYSTEM32\WINMM.dll
0x00007ffbceae0000 - 0x00007ffbceb4b000 	C:\WINDOWS\System32\WS2_32.dll
0x00007ffbcbf10000 - 0x00007ffbcbf22000 	C:\WINDOWS\SYSTEM32\kernel.appcore.dll
0x00007ffbc9760000 - 0x00007ffbc9770000 	D:\java\jdk-11\bin\verify.dll
0x00007ffbcba20000 - 0x00007ffbcbc04000 	C:\WINDOWS\SYSTEM32\DBGHELP.DLL
0x00007ffba8030000 - 0x00007ffba8064000 	C:\WINDOWS\SYSTEM32\dbgcore.DLL
0x00007ffbcdb50000 - 0x00007ffbcdbd2000 	C:\WINDOWS\System32\bcryptPrimitives.dll
0x00007ffbc9170000 - 0x00007ffbc9198000 	D:\java\jdk-11\bin\java.dll
0x00007ffbc9720000 - 0x00007ffbc972a000 	D:\java\jdk-11\bin\jimage.dll
0x00007ffbc8ba0000 - 0x00007ffbc8bae000 	D:\java\jdk-11\bin\instrument.dll
0x00007ffbc8b30000 - 0x00007ffbc8b46000 	D:\java\jdk-11\bin\zip.dll

dbghelp: loaded successfully - version: 4.0.5 - missing functions: none
symbol engine: initialized successfully - sym options: 0x614 - pdb path: .;D:\java\jdk-11\bin;C:\WINDOWS\SYSTEM32;C:\WINDOWS\WinSxS\amd64_microsoft.windows.common-controls_6595b64144ccf1df_6.0.19041.4355_none_60b8b9eb71f62e16;D:\java\jdk-11\bin\server

VM Arguments:
jvm_args: -javaagent:D:\IDEA\IntelliJ IDEA 2023.1\lib\idea_rt.jar=57589:D:\IDEA\IntelliJ IDEA 2023.1\bin -Dfile.encoding=UTF-8 
java_command: csu.yuhang.consumer.EasyConsumerExample
java_class_path (initial): D:\Java后端\StableRPC\yuhang-consumer\target\classes;D:\Java后端\StableRPC\yuhang-rpc\target\classes;C:\Users\STRONG\.m2\repository\io\vertx\vertx-core\4.5.1\vertx-core-4.5.1.jar;C:\Users\STRONG\.m2\repository\io\netty\netty-common\4.1.103.Final\netty-common-4.1.103.Final.jar;C:\Users\STRONG\.m2\repository\io\netty\netty-buffer\4.1.103.Final\netty-buffer-4.1.103.Final.jar;C:\Users\STRONG\.m2\repository\io\netty\netty-transport\4.1.103.Final\netty-transport-4.1.103.Final.jar;C:\Users\STRONG\.m2\repository\io\netty\netty-handler\4.1.103.Final\netty-handler-4.1.103.Final.jar;C:\Users\STRONG\.m2\repository\io\netty\netty-transport-native-unix-common\4.1.103.Final\netty-transport-native-unix-common-4.1.103.Final.jar;C:\Users\STRONG\.m2\repository\io\netty\netty-codec\4.1.103.Final\netty-codec-4.1.103.Final.jar;C:\Users\STRONG\.m2\repository\io\netty\netty-handler-proxy\4.1.103.Final\netty-handler-proxy-4.1.103.Final.jar;C:\Users\STRONG\.m2\repository\io\netty\netty-codec-socks\4.1.103.Final\netty-codec-socks-4.1.103.Final.jar;C:\Users\STRONG\.m2\repository\io\netty\netty-codec-http\4.1.103.Final\netty-codec-http-4.1.103.Final.jar;C:\Users\STRONG\.m2\repository\io\netty\netty-codec-http2\4.1.103.Final\netty-codec-http2-4.1.103.Final.jar;C:\Users\STRONG\.m2\repository\io\netty\netty-resolver\4.1.103.Final\netty-resolver-4.1.103.Final.jar;C:\Users\STRONG\.m2\repository\io\netty\netty-resolver-dns\4.1.103.Final\netty-resolver-dns-4.1.103.Final.jar;C:\Users\STRONG\.m2\repository\io\netty\netty-codec-dns\4.1.103.Final\netty-codec-dns-4.1.103.Final.jar;C:\Users\STRONG\.m2\repository\com\fasterxml\jackson\core\jackson-core\2.15.3\jackson-core-2.15.3.jar;C:\Users\STRONG\.m2\repository\ch\qos\logback\logback-classic\1.3.12\logback-classic-1.3.12.jar;C:\Users\STRONG\.m2\repository\ch\qos\logback\logback-core\1.3.12\logback-core-1.3.12.jar;C:\Users\STRONG\.m2\repository\org\slf4j\slf4j-api\2.0.7\slf4j-api-2.0.7.jar;D:\Java后端\StableRPC\yuhang-common\tar
Launcher Type: SUN_STANDARD

[Global flags]
     intx CICompilerCount                          = 4                                         {product} {ergonomic}
     uint ConcGCThreads                            = 2                                         {product} {ergonomic}
     uint G1ConcRefinementThreads                  = 8                                         {product} {ergonomic}
   size_t G1HeapRegionSize                         = 1048576                                   {product} {ergonomic}
    uintx GCDrainStackTargetSize                   = 64                                        {product} {ergonomic}
   size_t InitialHeapSize                          = 266338304                                 {product} {ergonomic}
   size_t MarkStackSize                            = 4194304                                   {product} {ergonomic}
   size_t MaxHeapSize                              = 4255121408                                {product} {ergonomic}
   size_t MinHeapDeltaBytes                        = 1048576                                   {product} {ergonomic}
    uintx NonNMethodCodeHeapSize                   = 5836300                                {pd product} {ergonomic}
    uintx NonProfiledCodeHeapSize                  = 122910970                              {pd product} {ergonomic}
    uintx ProfiledCodeHeapSize                     = 122910970                              {pd product} {ergonomic}
    uintx ReservedCodeCacheSize                    = 251658240                              {pd product} {ergonomic}
     bool SegmentedCodeCache                       = true                                      {product} {ergonomic}
     bool UseCompressedClassPointers               = true                                 {lp64_product} {ergonomic}
     bool UseCompressedOops                        = true                                 {lp64_product} {ergonomic}
     bool UseG1GC                                  = true                                      {product} {ergonomic}
     bool UseLargePagesIndividualAllocation        = false                                  {pd product} {ergonomic}

Logging:
Log output configuration:
 #0: stdout all=warning uptime,level,tags
 #1: stderr all=off uptime,level,tags

Environment Variables:
JAVA_HOME=D:\JDK\JDK1.8.401
CLASSPATH=.;D:\JDK\JDK1.8.401\lib;
PATH=E:\VMware17\bin\;C:\ProgramData\Oracle\Java\javapath;D:\JDK\JDK1.8.401\bin;C:\Program Files\Common Files\Oracle\Java\javapath;C:\Program Files (x86)\NVIDIA Corporation\PhysX\Common;C:\Program Files\Microsoft MPI\Bin\;C:\Program Files (x86)\Common Files\Intel\Shared Libraries\redist\intel64\compiler;C:\windows\system32;C:\windows;C:\windows\System32\Wbem;C:\windows\System32\WindowsPowerShell\v1.0\;C:\windows\System32\OpenSSH\;C:\Program Files (x86)\Microsoft SQL Server\100\Tools\Binn\;C:\Program Files\Microsoft SQL Server\100\Tools\Binn\;C:\Program Files\Microsoft SQL Server\100\DTS\Binn\;C:\WINDOWS\system32;C:\WINDOWS;C:\WINDOWS\System32\Wbem;C:\WINDOWS\System32\WindowsPowerShell\v1.0\;C:\WINDOWS\System32\OpenSSH\;C:\Program Files\Microsoft SQL Server\Client SDK\ODBC\110\Tools\Binn\;D:\LINGO12\;C:\Program Files\dotnet\;C:\Program Files (x86)\Windows Kits\8.1\Windows Performance Toolkit\;C:\Program Files (x86)\dotnet\;C:\Program Files\Microsoft SQL Server\130\DTS\Binn\;C:\Program Files\Microsoft SQL Server\Client SDK\ODBC\130\Tools\Binn\;C:\Program Files\Microsoft SQL Server\Client SDK\ODBC\170\Tools\Binn\;C:\Program Files (x86)\Microsoft SQL Server\150\Tools\Binn\;C:\Program Files\Microsoft SQL Server\150\Tools\Binn\;C:\Program Files\Microsoft SQL Server\150\DTS\Binn\;C:\Program Files (x86)\Microsoft SQL Server\150\DTS\Binn\;C:\Program Files\Azure Data Studio\bin;C:\Program Files\NVIDIA Corporation\Nsight Compute 2020.1.1\;C:\Program Files\NVIDIA GPU Computing Toolkit\CUDA\v11.0\bin;C:\Program Files\NVIDIA GPU Computing Toolkit\CUDA\v11.0\libnvvp;C:\Program Files\NVIDIA GPU Computing Toolkit\CUDA\v11.0\lib\x64;D:\gdal\bin;C:\Program Files\MySQL\MySQL Server 8.0\bin;E:\Maven\apache-maven-3.6.0\bin;C:\Program Files\nodejs\;C:\Program Files\nodejs\node_global;C:\Program Files(x86)\Tencent\微信web开发者工具\dll;E:\PythonLearning\software\Anaconda1;E:\PythonLearning\software\Anaconda1\Scripts;E:\PythonLearning\software\Anaconda1\Library\bin;C:\Program Files (x86)\Graph
USERNAME=STRONG
OS=Windows_NT
PROCESSOR_IDENTIFIER=Intel64 Family 6 Model 158 Stepping 10, GenuineIntel



---------------  S Y S T E M  ---------------

OS: Windows 10 , 64 bit Build 19041 (10.0.19041.5198)

CPU:total 8 (initial active 8) (4 cores per cpu, 2 threads per core) family 6 model 158 stepping 10 microcode 0xca, cmov, cx8, fxsr, mmx, sse, sse2, sse3, ssse3, sse4.1, sse4.2, popcnt, avx, avx2, aes, clmul, erms, 3dnowpref, lzcnt, ht, tsc, tscinvbit, bmi1, bmi2, adx, fma

Memory: 4k page, system-wide physical 16225M (5642M free)
TotalPageFile size 24225M (AvailPageFile size 172M)
current process WorkingSet (physical memory assigned to process): 10M, peak: 10M
current process commit charge ("private bytes"): 60M, peak: 314M

vm_info: Java HotSpot(TM) 64-Bit Server VM (11.0.12+8-LTS-237) for windows-amd64 JRE (11.0.12+8-LTS-237), built on Jun  8 2021 11:25:59 by "mach5one" with MS VC++ 15.9 (VS2017)

END.
